Not searching for unused variables given on the command line.
[36m--[0m The C compiler identification is GNU 7.4.0
[36m--[0m The CXX compiler identification is GNU 7.4.0
[36m--[0m Check for working C compiler: /usr/bin/cc
[36m--[0m Check for working C compiler: /usr/bin/cc -- works
[36m--[0m Detecting C compiler ABI info
[36m--[0m Detecting C compiler ABI info - done
[36m--[0m Detecting C compile features
[36m--[0m Detecting C compile features - done
[36m--[0m Check for working CXX compiler: /usr/bin/c++
[36m--[0m Check for working CXX compiler: /usr/bin/c++ -- works
[36m--[0m Detecting CXX compiler ABI info
[36m--[0m Detecting CXX compiler ABI info - done
[36m--[0m Detecting CXX compile features
[36m--[0m Detecting CXX compile features - done
[36m--[0m Version: 6.0.0
[36m--[0m Build type:
[36m--[0m CXX_STANDARD: 11
[36m--[0m Performing Test has_std_11_flag
[36m--[0m Performing Test has_std_11_flag - Success
[36m--[0m Performing Test has_std_0x_flag
[36m--[0m Performing Test has_std_0x_flag - Success
[36m--[0m Performing Test SUPPORTS_VARIADIC_TEMPLATES
[36m--[0m Performing Test SUPPORTS_VARIADIC_TEMPLATES - Success
[36m--[0m Performing Test SUPPORTS_USER_DEFINED_LITERALS
[36m--[0m Performing Test SUPPORTS_USER_DEFINED_LITERALS - Success
[36m--[0m Performing Test FMT_HAS_VARIANT
[36m--[0m Performing Test FMT_HAS_VARIANT - Success
[36m--[0m Looking for open
[36m--[0m Looking for open - found
[36m--[0m Looking for strtod_l
[36m--[0m Looking for strtod_l - not found
[31m[1mCMake Error[0m at /usr/lib/x86_64-linux-gnu/cmake/Qt5/Qt5Config.cmake:28 (find_package):
  Could not find a package configuration file provided by "Qt5Multimedia"
  with any of the following names:

    Qt5MultimediaConfig.cmake
    qt5multimedia-config.cmake

  Add the installation prefix of "Qt5Multimedia" to CMAKE_PREFIX_PATH or set
  "Qt5Multimedia_DIR" to a directory containing one of the above files.  If
  "Qt5Multimedia" provides a separate development package or SDK, be sure it
  has been installed.
[36mCall Stack (most recent call first):[0m
  CMakeLists.txt:43 (find_package)


[36m--[0m Configuring incomplete, errors occurred!
See also "/home/fatima/Firmware/build/plotjuggler/CMakeFiles/CMakeOutput.log".
See also "/home/fatima/Firmware/build/plotjuggler/CMakeFiles/CMakeError.log".
