Not searching for unused variables given on the command line.
[36m--[0m Version: 6.0.0
[36m--[0m Build type:
[36m--[0m CXX_STANDARD: 11
[36m--[0m Can't find Qt5WebSockets in your system. Have you tried [sudo apt-get install libqt5websockets5-dev] ?
[36m--[0m No build type selected, default to RelWithDebInfo
[36m--[0m ---------------------------------------------------------------------
[36m--[0m PlotJuggler is being built using CATKIN. ROS plugins will be compiled
[36m--[0m ---------------------------------------------------------------------
[36m--[0m Using CATKIN_DEVEL_PREFIX: /home/fatima/Firmware/devel/.private/plotjuggler
[36m--[0m Using CMAKE_PREFIX_PATH: /home/fatima/Firmware/devel;/opt/ros/melodic
[36m--[0m This workspace overlays: /home/fatima/Firmware/devel;/opt/ros/melodic
[36m--[0m Found PythonInterp: /usr/bin/python2 (found suitable version "2.7.15", minimum required is "2")
[36m--[0m Using PYTHON_EXECUTABLE: /usr/bin/python2
[36m--[0m Using Debian Python package layout
[36m--[0m Using empy: /usr/bin/empy
[36m--[0m Using CATKIN_ENABLE_TESTING: ON
[36m--[0m Call enable_testing()
[36m--[0m Using CATKIN_TEST_RESULTS_DIR: /home/fatima/Firmware/build/plotjuggler/test_results
[36m--[0m Found gmock sources under '/usr/src/googletest': gmock will be built
[36m--[0m Found PythonInterp: /usr/bin/python2 (found version "2.7.15")
[36m--[0m Looking for pthread.h
[36m--[0m Looking for pthread.h - found
[36m--[0m Looking for pthread_create
[36m--[0m Looking for pthread_create - not found
[36m--[0m Looking for pthread_create in pthreads
[36m--[0m Looking for pthread_create in pthreads - not found
[36m--[0m Looking for pthread_create in pthread
[36m--[0m Looking for pthread_create in pthread - found
[36m--[0m Found Threads: TRUE
[36m--[0m Found gtest sources under '/usr/src/googletest': gtests will be built
[36m--[0m Using Python nosetests: /usr/bin/nosetests-2.7
[36m--[0m catkin 0.7.17
[36m--[0m BUILD_SHARED_LIBS is on
[36m--[0m Using these message generators: gencpp;geneus;genlisp;gennodejs;genpy
[36m--[0m Found BFD: /usr/lib/x86_64-linux-gnu/libbfd.so
[36m--[0m The ASM compiler identification is GNU
[36m--[0m Found assembler: /usr/bin/cc
[36m--[0m Qt5WebSockets not found. Skipping plugins/DataStreamWebSocket
[36m--[0m Configuring done
[36m--[0m Generating done
[36m--[0m Build files have been written to: /home/fatima/Firmware/build/plotjuggler
